2024-11-14T01:54:53.093Z P:15868 T:10880] SyncServiceImpl::ResetEngine,Reset engine with reason: 8
2024-11-14T01:54:53.093Z P:15868 T:10880] ModelLoadManager::Stop,Stopped: Bookmarks
2024-11-14T01:54:53.093Z P:15868 T:10880] ModelLoadManager::Stop,Stopped: Preferences
2024-11-14T01:54:53.093Z P:15868 T:10880] ModelLoadManager::Stop,Stopped: Passwords
2024-11-14T01:54:53.093Z P:15868 T:10880] ModelLoadManager::Stop,Stopped: Autofill Profiles
2024-11-14T01:54:53.093Z P:15868 T:10880] ModelLoadManager::Stop,Stopped: Autofill
2024-11-14T01:54:53.093Z P:15868 T:10880] ModelLoadManager::Stop,Stopped: Typed URLs
2024-11-14T01:54:53.087Z P:15868 T:10880] ModelLoadManager::Stop,Stopped: Extensions
2024-11-14T01:54:53.087Z P:15868 T:10880] ModelLoadManager::Stop,Stopped: Sessions
2024-11-14T01:54:53.087Z P:15868 T:10880] ModelLoadManager::Stop,Stopped: Extension settings
2024-11-14T01:54:53.087Z P:15868 T:10880] ModelLoadManager::Stop,Stopped: History Delete Directives
2024-11-14T01:54:53.087Z P:15868 T:10880] ModelLoadManager::Stop,Stopped: Device Info
2024-11-14T01:54:53.087Z P:15868 T:10880] ModelLoadManager::Stop,Stopped: User Consents
2024-11-14T01:54:53.087Z P:15868 T:10880] ModelLoadManager::Stop,Stopped: Send Tab To Self
2024-11-14T01:54:53.087Z P:15868 T:10880] ModelLoadManager::Stop,Stopped: Web Apps
2024-11-14T01:54:53.087Z P:15868 T:10880] ModelLoadManager::Stop,Stopped: History
2024-11-14T01:54:53.087Z P:15868 T:10880] ModelLoadManager::Stop,Stopped: Collection
2024-11-14T01:54:53.087Z P:15868 T:10880] ModelLoadManager::Stop,Stopped: Edge E Drop
2024-11-14T01:54:53.087Z P:15868 T:10880] ModelLoadManager::Stop,Stopped: Edge Hub App Usage
2024-11-14T01:54:53.087Z P:15868 T:10880] ModelLoadManager::Stop,Stopped: Edge Tab Group
2024-11-14T01:54:53.087Z P:15868 T:10880] ModelLoadManager::Stop,Stopped: Edge Wallet
2024-11-14T01:54:53.088Z P:15868 T:10880] SyncServiceImpl::Initialize,SyncState after authenticated was: NotSignedIn
2024-11-14T01:54:53.656Z P:15868 T:10880] SyncServiceImpl::ResetEngine,Reset engine with reason: 8
2024-11-14T01:54:53.656Z P:15868 T:10880] ModelLoadManager::Stop,Stopped: Bookmarks
2024-11-14T01:54:53.656Z P:15868 T:10880] ModelLoadManager::Stop,Stopped: Preferences
2024-11-14T01:54:53.656Z P:15868 T:10880] ModelLoadManager::Stop,Stopped: Passwords
2024-11-14T01:54:53.656Z P:15868 T:10880] ModelLoadManager::Stop,Stopped: Autofill Profiles
2024-11-14T01:54:53.656Z P:15868 T:10880] ModelLoadManager::Stop,Stopped: Autofill
2024-11-14T01:54:53.656Z P:15868 T:10880] ModelLoadManager::Stop,Stopped: Typed URLs
2024-11-14T01:54:53.656Z P:15868 T:10880] ModelLoadManager::Stop,Stopped: Extensions
2024-11-14T01:54:53.656Z P:15868 T:10880] ModelLoadManager::Stop,Stopped: Sessions
2024-11-14T01:54:53.656Z P:15868 T:10880] ModelLoadManager::Stop,Stopped: Extension settings
2024-11-14T01:54:53.656Z P:15868 T:10880] ModelLoadManager::Stop,Stopped: History Delete Directives
2024-11-14T01:54:53.656Z P:15868 T:10880] ModelLoadManager::Stop,Stopped: Device Info
2024-11-14T01:54:53.656Z P:15868 T:10880] ModelLoadManager::Stop,Stopped: User Consents
2024-11-14T01:54:53.656Z P:15868 T:10880] ModelLoadManager::Stop,Stopped: Send Tab To Self
2024-11-14T01:54:53.656Z P:15868 T:10880] ModelLoadManager::Stop,Stopped: Web Apps
2024-11-14T01:54:53.656Z P:15868 T:10880] ModelLoadManager::Stop,Stopped: History
2024-11-14T01:54:53.656Z P:15868 T:10880] ModelLoadManager::Stop,Stopped: Collection
2024-11-14T01:54:53.656Z P:15868 T:10880] ModelLoadManager::Stop,Stopped: Edge E Drop
2024-11-14T01:54:53.656Z P:15868 T:10880] ModelLoadManager::Stop,Stopped: Edge Hub App Usage
2024-11-14T01:54:53.656Z P:15868 T:10880] ModelLoadManager::Stop,Stopped: Edge Tab Group
2024-11-14T01:54:53.656Z P:15868 T:10880] ModelLoadManager::Stop,Stopped: Edge Wallet
2024-11-14T01:54:54.293Z P:15868 T:10880] SyncServiceImpl::TryStartImpl,Try to start sync engine
2024-11-14T01:54:54.302Z P:15868 T:17020] SyncManagerImpl::NudgeForInitialDownload,Initial download nudge for Encryption Keys
2024-11-14T01:54:54.302Z P:15868 T:17020] SyncEngineBackend::LoadAndConnectNigoriController,Load and connect Nigori controller
2024-11-14T01:54:54.302Z P:15868 T:17020] SyncEngineBackend::DoInitialize,Control Types added: Encryption Keys
2024-11-14T01:54:54.302Z P:15868 T:17020] SyncManagerImpl::ConfigureSyncer,Types to download: Encryption Keys with reason: 3
2024-11-14T01:54:54.302Z P:15868 T:17020] SyncSchedulerImpl::DoConfigurationSyncCycleJob,Configure job was blocked
2024-11-14T01:54:58.602Z P:15868 T:10880] SyncAuthManager::SetLastAuthError,Current auth error: None
2024-11-14T01:54:58.603Z P:15868 T:10880] SyncAuthManager::EdgeLogTokenErrorState,Token error with: None for account type: MSA
2024-11-14T01:54:58.603Z P:15868 T:10880] SyncServiceImpl::CredentialsChangedForKeyData,Credentials changed for: EdgeSyncKeyDataScope
2024-11-14T01:54:58.603Z P:15868 T:17020] SyncEngineBackend::DoUpdateKeyDataCredentials,Update key data credentials
2024-11-14T01:54:58.683Z P:15868 T:10880] SyncAuthManager::SetLastAuthError,Current auth error: None
2024-11-14T01:54:58.683Z P:15868 T:10880] SyncAuthManager::EdgeLogTokenErrorState,Token error with: None for account type: MSA
2024-11-14T01:54:58.683Z P:15868 T:10880] SyncServiceImpl::CredentialsChanged,Credentials changed for: EdgeSyncScopeNew
2024-11-14T01:54:58.683Z P:15868 T:17020] SyncEngineBackend::DoUpdateCredentials,Update credentials
2024-11-14T01:54:58.683Z P:15868 T:17020] SyncSchedulerImpl::DoConfigurationSyncCycleJob,Blocked types:  and types to download: Encryption Keys
2024-11-14T01:55:00.174Z P:15868 T:17020] SyncEngineBackend::DoUpdateKeyDataCredentials,Update key data credentials
2024-11-14T01:55:00.240Z P:15868 T:10880] SyncServiceImpl::ResetEngine,Reset engine with reason: 0
2024-11-14T01:55:00.240Z P:15868 T:10880] SyncServiceImpl::ResetEngine,Reset engine with reason: 0
